
============================================================
Обновление: 2026-04-03 15:10:40
Изменения: НЕТ
------------------------------------------------------------
[UPDATE] Первый канал: обновлена ссылка
[UPDATE] Россия 1: обновлена ссылка
[UPDATE] Россия К: обновлена ссылка
[UPDATE] НТВ: обновлена ссылка
[UPDATE] Пятый канал: обновлена ссылка
[UPDATE] ОТР: обновлена ссылка
[UPDATE] ТВ центр: обновлена ссылка
[UPDATE] СТС: обновлена ссылка
[UPDATE] Домашний: обновлена ссылка
[UPDATE] Мир: обновлена ссылка
[UPDATE] Запад 24: обновлена ссылка
[UPDATE] Delfi TV: обновлена ссылка
[UPDATE] Lietuvos Rytas TV: обновлена ссылка
[UPDATE] M-1: обновлена ссылка
[UPDATE] Power Hit Radio: обновлена ссылка
============================================================

============================================================
Обновление: 2026-04-03 15:12:26
Изменения: ДА
------------------------------------------------------------
[UPDATE] Первый канал: обновлена ссылка
[UPDATE] Россия 1: обновлена ссылка
[UPDATE] Россия К: обновлена ссылка
[UPDATE] НТВ: обновлена ссылка
[UPDATE] Пятый канал: обновлена ссылка
[UPDATE] ОТР: обновлена ссылка
[UPDATE] ТВ центр: обновлена ссылка
[UPDATE] СТС: обновлена ссылка
[UPDATE] Домашний: обновлена ссылка
[UPDATE] Мир: обновлена ссылка
[UPDATE] Запад 24: обновлена ссылка
[UPDATE] Delfi TV: обновлена ссылка
[UPDATE] Lietuvos Rytas TV: обновлена ссылка
[UPDATE] M-1: обновлена ссылка
[UPDATE] Power Hit Radio: обновлена ссылка
============================================================

============================================================
Обновление: 2026-04-03 15:14:06
Изменения: НЕТ
------------------------------------------------------------
[UPDATE] Первый канал: обновлена ссылка
[UPDATE] Россия 1: обновлена ссылка
[UPDATE] Россия К: обновлена ссылка
[UPDATE] НТВ: обновлена ссылка
[UPDATE] Пятый канал: обновлена ссылка
[UPDATE] ОТР: обновлена ссылка
[UPDATE] ТВ центр: обновлена ссылка
[UPDATE] СТС: обновлена ссылка
[UPDATE] Домашний: обновлена ссылка
[UPDATE] Мир: обновлена ссылка
[UPDATE] Запад 24: обновлена ссылка
[UPDATE] Delfi TV: обновлена ссылка
[UPDATE] Lietuvos Rytas TV: обновлена ссылка
[UPDATE] M-1: обновлена ссылка
[UPDATE] Power Hit Radio: обновлена ссылка
============================================================

============================================================
Обновление: 2026-04-03 15:16:49
Изменения: НЕТ
------------------------------------------------------------
[UPDATE] Первый канал: обновлена ссылка
[UPDATE] Россия 1: обновлена ссылка
[UPDATE] Россия К: обновлена ссылка
[UPDATE] НТВ: обновлена ссылка
[UPDATE] Пятый канал: обновлена ссылка
[UPDATE] ОТР: обновлена ссылка
[UPDATE] ТВ центр: обновлена ссылка
[UPDATE] СТС: обновлена ссылка
[UPDATE] Домашний: обновлена ссылка
[UPDATE] Мир: обновлена ссылка
[UPDATE] Запад 24: обновлена ссылка
[UPDATE] Delfi TV: обновлена ссылка
[UPDATE] Lietuvos Rytas TV: обновлена ссылка
[UPDATE] M-1: обновлена ссылка
[UPDATE] Power Hit Radio: обновлена ссылка
============================================================

============================================================
Обновление: 2026-04-03 15:17:56
Изменения: ДА
------------------------------------------------------------
[UPDATE] Первый канал: обновлена ссылка
[UPDATE] Россия 1: обновлена ссылка
[UPDATE] Россия К: обновлена ссылка
[UPDATE] НТВ: обновлена ссылка
[UPDATE] Пятый канал: обновлена ссылка
[UPDATE] ОТР: обновлена ссылка
[UPDATE] ТВ центр: обновлена ссылка
[UPDATE] СТС: обновлена ссылка
[UPDATE] Домашний: обновлена ссылка
[UPDATE] Мир: обновлена ссылка
[UPDATE] Запад 24: обновлена ссылка
[UPDATE] Delfi TV: обновлена ссылка
[UPDATE] Lietuvos Rytas TV: обновлена ссылка
[UPDATE] M-1: обновлена ссылка
[UPDATE] Power Hit Radio: обновлена ссылка
============================================================

============================================================
Обновление: 2026-04-03 15:20:22
Изменения: НЕТ
------------------------------------------------------------
[UPDATE] Первый канал: обновлена ссылка
[UPDATE] Россия 1: обновлена ссылка
[UPDATE] Россия К: обновлена ссылка
[UPDATE] НТВ: обновлена ссылка
[UPDATE] Пятый канал: обновлена ссылка
[UPDATE] ОТР: обновлена ссылка
[UPDATE] ТВ центр: обновлена ссылка
[UPDATE] СТС: обновлена ссылка
[UPDATE] Домашний: обновлена ссылка
[UPDATE] Мир: обновлена ссылка
[UPDATE] Запад 24: обновлена ссылка
[UPDATE] Delfi TV: обновлена ссылка
[UPDATE] Lietuvos Rytas TV: обновлена ссылка
[UPDATE] M-1: обновлена ссылка
[UPDATE] Power Hit Radio: обновлена ссылка
============================================================

============================================================
Обновление: 2026-04-03 15:24:16
Изменения: НЕТ
------------------------------------------------------------
[UPDATE] Первый канал: обновлена ссылка
[UPDATE] Россия 1: обновлена ссылка
[UPDATE] Россия К: обновлена ссылка
[UPDATE] НТВ: обновлена ссылка
[UPDATE] Пятый канал: обновлена ссылка
[UPDATE] ОТР: обновлена ссылка
[UPDATE] ТВ центр: обновлена ссылка
[UPDATE] СТС: обновлена ссылка
[UPDATE] Домашний: обновлена ссылка
[UPDATE] Мир: обновлена ссылка
[UPDATE] Запад 24: обновлена ссылка
[UPDATE] Delfi TV: обновлена ссылка
[UPDATE] Lietuvos Rytas TV: обновлена ссылка
[UPDATE] M-1: обновлена ссылка
[UPDATE] Power Hit Radio: обновлена ссылка
============================================================

============================================================
Обновление: 2026-04-03 15:30:13
Изменения: НЕТ
------------------------------------------------------------
[UPDATE] Первый канал: обновлена ссылка
[UPDATE] Россия 1: обновлена ссылка
[UPDATE] Россия К: обновлена ссылка
[UPDATE] НТВ: обновлена ссылка
[UPDATE] Пятый канал: обновлена ссылка
[UPDATE] ОТР: обновлена ссылка
[UPDATE] ТВ центр: обновлена ссылка
[UPDATE] СТС: обновлена ссылка
[UPDATE] Домашний: обновлена ссылка
[UPDATE] Мир: обновлена ссылка
[UPDATE] Запад 24: обновлена ссылка
[UPDATE] Delfi TV: обновлена ссылка
[UPDATE] Lietuvos Rytas TV: обновлена ссылка
[UPDATE] M-1: обновлена ссылка
[UPDATE] Power Hit Radio: обновлена ссылка
============================================================

============================================================
Обновление: 2026-04-03 15:40:21
Изменения: НЕТ
------------------------------------------------------------
[UPDATE] Первый канал: обновлена ссылка
[UPDATE] Россия 1: обновлена ссылка
[UPDATE] Россия К: обновлена ссылка
[UPDATE] НТВ: обновлена ссылка
[UPDATE] Пятый канал: обновлена ссылка
[UPDATE] ОТР: обновлена ссылка
[UPDATE] ТВ центр: обновлена ссылка
[UPDATE] СТС: обновлена ссылка
[UPDATE] Домашний: обновлена ссылка
[UPDATE] Мир: обновлена ссылка
[UPDATE] Запад 24: обновлена ссылка
[UPDATE] Delfi TV: обновлена ссылка
[UPDATE] Lietuvos Rytas TV: обновлена ссылка
[UPDATE] M-1: обновлена ссылка
[UPDATE] Power Hit Radio: обновлена ссылка
============================================================
