
Playlist path: playlist.m3u
Channels processed: 15
Playlist changed: NO
------------------------------------------------------------
Playlist path: playlist.m3u
Channels processed: 15
Playlist changed: NO
------------------------------------------------------------
Playlist path: playlist.m3u
Channels processed: 15
Playlist changed: YES
------------------------------------------------------------
Playlist path: playlist.m3u
Channels processed: 15
Playlist changed: NO
------------------------------------------------------------
Playlist path: playlist.m3u
Channels processed: 16
Playlist changed: YES
------------------------------------------------------------
Playlist path: playlist.m3u
Channels processed: 16
Playlist changed: NO
------------------------------------------------------------
Playlist path: playlist.m3u
Channels processed: 16
Playlist changed: YES
------------------------------------------------------------
Playlist path: playlist.m3u
Channels processed: 16
Playlist changed: NO
------------------------------------------------------------
Playlist path: playlist.m3u
Channels processed: 16
Playlist changed: NO
------------------------------------------------------------
Playlist path: playlist.m3u
Channels processed: 16
Playlist changed: YES
------------------------------------------------------------
Playlist path: playlist.m3u
Channels processed: 16
Playlist changed: YES
------------------------------------------------------------
Playlist path: playlist.m3u
Channels processed: 16
Playlist changed: NO
------------------------------------------------------------
Playlist path: playlist.m3u
Channels processed: 16
Playlist changed: YES
------------------------------------------------------------
Playlist path: playlist.m3u
Channels processed: 16
Playlist changed: YES
------------------------------------------------------------
Playlist path: playlist.m3u
Channels processed: 16
Playlist changed: YES
------------------------------------------------------------
Playlist path: playlist.m3u
Channels processed: 16
Playlist changed: NO
------------------------------------------------------------
Playlist path: playlist.m3u
Channels processed: 16
Playlist changed: NO
------------------------------------------------------------
Playlist path: playlist.m3u
Channels processed: 16
Playlist changed: YES
------------------------------------------------------------
Playlist path: playlist.m3u
Channels processed: 16
Playlist changed: NO
------------------------------------------------------------
Playlist path: playlist.m3u
Channels processed: 16
Playlist changed: YES
------------------------------------------------------------
Playlist path: playlist.m3u
Channels processed: 16
Playlist changed: NO
------------------------------------------------------------
Playlist path: playlist.m3u
Channels processed: 16
Playlist changed: YES
------------------------------------------------------------
Playlist path: playlist.m3u
Channels processed: 16
Playlist changed: YES
------------------------------------------------------------
Playlist path: playlist.m3u
Channels processed: 16
Playlist changed: NO
------------------------------------------------------------
Playlist path: playlist.m3u
Channels processed: 16
Playlist changed: NO
------------------------------------------------------------
Playlist path: playlist.m3u
Channels processed: 16
Playlist changed: YES
------------------------------------------------------------
Playlist path: playlist.m3u
Channels processed: 16
Playlist changed: NO
------------------------------------------------------------
Playlist path: playlist.m3u
Channels processed: 16
Playlist changed: YES
------------------------------------------------------------
Playlist path: playlist.m3u
Channels processed: 16
Playlist changed: YES
------------------------------------------------------------
Playlist path: playlist.m3u
Channels processed: 16
Playlist changed: YES
------------------------------------------------------------
Playlist path: playlist.m3u
Channels processed: 16
Playlist changed: YES
------------------------------------------------------------
Playlist path: playlist.m3u
Channels processed: 16
Playlist changed: NO
------------------------------------------------------------
Playlist path: playlist.m3u
Channels processed: 16
Playlist changed: NO
------------------------------------------------------------
Playlist path: playlist.m3u
Channels processed: 16
Playlist changed: YES
------------------------------------------------------------
Playlist path: playlist.m3u
Channels processed: 16
Playlist changed: YES
------------------------------------------------------------
Playlist path: playlist.m3u
Channels processed: 16
Playlist changed: NO
------------------------------------------------------------
Playlist path: playlist.m3u
Channels processed: 16
Playlist changed: NO
------------------------------------------------------------
Playlist path: playlist.m3u
Channels processed: 16
Playlist changed: YES
------------------------------------------------------------
Playlist path: playlist.m3u
Channels processed: 16
Playlist changed: YES
------------------------------------------------------------
Playlist path: playlist.m3u
Channels processed: 16
Playlist changed: NO
------------------------------------------------------------
Playlist path: playlist.m3u
Channels processed: 16
Playlist changed: YES
------------------------------------------------------------
Playlist path: playlist.m3u
Channels processed: 16
Playlist changed: YES
------------------------------------------------------------
Playlist path: playlist.m3u
Channels processed: 16
Playlist changed: NO
------------------------------------------------------------
Playlist path: playlist.m3u
Channels processed: 16
Playlist changed: YES
------------------------------------------------------------
Playlist path: playlist.m3u
Channels processed: 16
Playlist changed: NO
------------------------------------------------------------
Playlist path: playlist.m3u
Channels processed: 16
Playlist changed: NO
------------------------------------------------------------
Playlist path: playlist.m3u
Channels processed: 16
Playlist changed: YES
------------------------------------------------------------
Playlist path: playlist.m3u
Channels processed: 16
Playlist changed: NO
------------------------------------------------------------
Playlist path: playlist.m3u
Channels processed: 16
Playlist changed: YES
------------------------------------------------------------
Playlist path: playlist.m3u
Channels processed: 16
Playlist changed: NO
------------------------------------------------------------
Playlist path: playlist.m3u
Channels processed: 16
Playlist changed: YES
------------------------------------------------------------
Playlist path: playlist.m3u
Channels processed: 16
Playlist changed: NO
------------------------------------------------------------
Playlist path: playlist.m3u
Channels processed: 16
Playlist changed: YES
------------------------------------------------------------
Playlist path: playlist.m3u
Channels processed: 16
Playlist changed: NO
------------------------------------------------------------
Playlist path: playlist.m3u
Channels processed: 16
Playlist changed: YES
------------------------------------------------------------
Playlist path: playlist.m3u
Channels processed: 16
Playlist changed: NO
------------------------------------------------------------
Playlist path: playlist.m3u
Channels processed: 16
Playlist changed: YES
------------------------------------------------------------
Playlist path: playlist.m3u
Channels processed: 16
Playlist changed: NO
------------------------------------------------------------
Playlist path: playlist.m3u
Channels processed: 16
Playlist changed: YES
------------------------------------------------------------
Playlist path: playlist.m3u
Channels processed: 16
Playlist changed: YES
------------------------------------------------------------
Playlist path: playlist.m3u
Channels processed: 16
Playlist changed: NO
------------------------------------------------------------
Playlist path: playlist.m3u
Channels processed: 16
Playlist changed: YES
------------------------------------------------------------
Playlist path: playlist.m3u
Channels processed: 16
Playlist changed: YES
------------------------------------------------------------
Playlist path: playlist.m3u
Channels processed: 16
Playlist changed: NO
------------------------------------------------------------
Playlist path: playlist.m3u
Channels processed: 16
Playlist changed: YES
------------------------------------------------------------
Playlist path: playlist.m3u
Channels processed: 16
Playlist changed: YES
------------------------------------------------------------
Playlist path: playlist.m3u
Channels processed: 16
Playlist changed: NO
------------------------------------------------------------
Playlist path: playlist.m3u
Channels processed: 16
Playlist changed: YES
------------------------------------------------------------
Playlist path: playlist.m3u
Channels processed: 16
Playlist changed: NO
------------------------------------------------------------
Playlist path: playlist.m3u
Channels processed: 16
Playlist changed: YES
------------------------------------------------------------
Playlist path: playlist.m3u
Channels processed: 16
Playlist changed: NO
------------------------------------------------------------
Playlist path: playlist.m3u
Channels processed: 16
Playlist changed: YES
------------------------------------------------------------
Playlist path: playlist.m3u
Channels processed: 16
Playlist changed: YES
------------------------------------------------------------
Playlist path: playlist.m3u
Channels processed: 16
Playlist changed: NO
------------------------------------------------------------
[2026-04-24 18:34:29] GitHub Actions run
Playlist path: playlist.m3u
Channels processed: 16
Playlist changed: YES
------------------------------------------------------------
[2026-04-25 01:14:54] GitHub Actions run
Playlist path: playlist.m3u
Channels processed: 16
Playlist changed: YES
------------------------------------------------------------
[2026-04-25 07:00:24] GitHub Actions run
Playlist path: playlist.m3u
Channels processed: 16
Playlist changed: NO
------------------------------------------------------------
[2026-04-25 12:35:10] GitHub Actions run
Playlist path: playlist.m3u
Channels processed: 16
Playlist changed: YES
------------------------------------------------------------
[2026-04-25 18:33:22] GitHub Actions run
Playlist path: playlist.m3u
Channels processed: 16
Playlist changed: NO
------------------------------------------------------------
[2026-04-26 01:23:37] GitHub Actions run
Playlist path: playlist.m3u
Channels processed: 16
Playlist changed: YES
------------------------------------------------------------
[2026-04-26 07:14:40] GitHub Actions run
Playlist path: playlist.m3u
Channels processed: 16
Playlist changed: YES
------------------------------------------------------------
[2026-04-26 12:36:58] GitHub Actions run
Playlist path: playlist.m3u
Channels processed: 16
Playlist changed: NO
------------------------------------------------------------
[2026-04-26 18:34:13] GitHub Actions run
Playlist path: playlist.m3u
Channels processed: 16
Playlist changed: NO
------------------------------------------------------------
[2026-04-27 01:24:50] GitHub Actions run
Playlist path: playlist.m3u
Channels processed: 16
Playlist changed: YES
------------------------------------------------------------
[2026-04-27 08:01:13] GitHub Actions run
Playlist path: playlist.m3u
Channels processed: 16
Playlist changed: YES
------------------------------------------------------------
[2026-04-27 13:13:26] GitHub Actions run
Playlist path: playlist.m3u
Channels processed: 16
Playlist changed: NO
------------------------------------------------------------
[2026-04-27 19:01:38] GitHub Actions run
Playlist path: playlist.m3u
Channels processed: 16
Playlist changed: NO
------------------------------------------------------------
[2026-04-28 01:43:53] GitHub Actions run
Playlist path: playlist.m3u
Channels processed: 16
Playlist changed: YES
------------------------------------------------------------
[2026-04-28 08:01:22] GitHub Actions run
Playlist path: playlist.m3u
Channels processed: 16
Playlist changed: YES
------------------------------------------------------------
[2026-04-28 13:23:21] GitHub Actions run
Playlist path: playlist.m3u
Channels processed: 16
Playlist changed: NO
------------------------------------------------------------
[2026-04-28 19:15:28] GitHub Actions run
Playlist path: playlist.m3u
Channels processed: 16
Playlist changed: YES
------------------------------------------------------------
[2026-04-29 01:47:04] GitHub Actions run
Playlist path: playlist.m3u
Channels processed: 16
Playlist changed: NO
------------------------------------------------------------
[2026-04-29 07:55:55] GitHub Actions run
Playlist path: playlist.m3u
Channels processed: 16
Playlist changed: YES
------------------------------------------------------------
[2026-04-29 13:17:06] GitHub Actions run
Playlist path: playlist.m3u
Channels processed: 16
Playlist changed: NO
------------------------------------------------------------
[2026-04-29 19:04:58] GitHub Actions run
Playlist path: playlist.m3u
Channels processed: 16
Playlist changed: NO
------------------------------------------------------------
[2026-04-30 01:45:56] GitHub Actions run
Playlist path: playlist.m3u
Channels processed: 16
Playlist changed: YES
------------------------------------------------------------
[2026-04-30 07:59:33] GitHub Actions run
Playlist path: playlist.m3u
Channels processed: 16
Playlist changed: YES
------------------------------------------------------------
[2026-04-30 13:16:08] GitHub Actions run
Playlist path: playlist.m3u
Channels processed: 16
Playlist changed: NO
------------------------------------------------------------
[2026-04-30 19:03:36] GitHub Actions run
Playlist path: playlist.m3u
Channels processed: 16
Playlist changed: NO
------------------------------------------------------------
[2026-05-01 01:48:57] GitHub Actions run
Playlist path: playlist.m3u
Channels processed: 16
Playlist changed: YES
------------------------------------------------------------
[2026-05-01 07:57:37] GitHub Actions run
Playlist path: playlist.m3u
Channels processed: 16
Playlist changed: YES
------------------------------------------------------------
[2026-05-01 12:50:20] GitHub Actions run
Playlist path: playlist.m3u
Channels processed: 16
Playlist changed: NO
------------------------------------------------------------
[2026-05-01 18:53:50] GitHub Actions run
Playlist path: playlist.m3u
Channels processed: 16
Playlist changed: YES
------------------------------------------------------------
[2026-05-02 01:26:12] GitHub Actions run
Playlist path: playlist.m3u
Channels processed: 16
Playlist changed: YES
------------------------------------------------------------
[2026-05-02 07:16:38] GitHub Actions run
Playlist path: playlist.m3u
Channels processed: 16
Playlist changed: YES
------------------------------------------------------------
[2026-05-02 12:40:52] GitHub Actions run
Playlist path: playlist.m3u
Channels processed: 16
Playlist changed: NO
------------------------------------------------------------
[2026-05-02 18:39:46] GitHub Actions run
Playlist path: playlist.m3u
Channels processed: 16
Playlist changed: NO
------------------------------------------------------------
[2026-05-02 19:41:23] GitHub Actions run
Playlist path: playlist.m3u
Channels processed: 16
Playlist changed: YES
------------------------------------------------------------
[2026-05-03 01:30:05] GitHub Actions run
Playlist path: playlist.m3u
Channels processed: 16
Playlist changed: NO
------------------------------------------------------------
[2026-05-03 07:44:01] GitHub Actions run
Playlist path: playlist.m3u
Channels processed: 16
Playlist changed: YES
------------------------------------------------------------
[2026-05-03 12:40:23] GitHub Actions run
Playlist path: playlist.m3u
Channels processed: 16
Playlist changed: NO
------------------------------------------------------------
[2026-05-03 18:40:11] GitHub Actions run
Playlist path: playlist.m3u
Channels processed: 16
Playlist changed: NO
------------------------------------------------------------
[2026-05-04 01:29:18] GitHub Actions run
Playlist path: playlist.m3u
Channels processed: 16
Playlist changed: YES
------------------------------------------------------------
[2026-05-04 08:12:37] GitHub Actions run
Playlist path: playlist.m3u
Channels processed: 16
Playlist changed: YES
------------------------------------------------------------
[2026-05-04 13:17:33] GitHub Actions run
Playlist path: playlist.m3u
Channels processed: 16
Playlist changed: NO
------------------------------------------------------------
[2026-05-04 19:10:05] GitHub Actions run
Playlist path: playlist.m3u
Channels processed: 16
Playlist changed: NO
------------------------------------------------------------
[2026-05-05 01:28:41] GitHub Actions run
Playlist path: playlist.m3u
Channels processed: 16
Playlist changed: YES
------------------------------------------------------------
[2026-05-05 07:51:05] GitHub Actions run
Playlist path: playlist.m3u
Channels processed: 16
Playlist changed: YES
------------------------------------------------------------
[2026-05-05 13:05:16] GitHub Actions run
Playlist path: playlist.m3u
Channels processed: 16
Playlist changed: NO
------------------------------------------------------------
[2026-05-05 19:01:35] GitHub Actions run
Playlist path: playlist.m3u
Channels processed: 16
Playlist changed: NO
------------------------------------------------------------
[2026-05-06 01:27:26] GitHub Actions run
Playlist path: playlist.m3u
Channels processed: 16
Playlist changed: YES
------------------------------------------------------------
[2026-05-06 13:24:31] GitHub Actions run
Playlist path: playlist.m3u
Channels processed: 16
Playlist changed: YES
------------------------------------------------------------
[2026-05-06 19:17:34] GitHub Actions run
Playlist path: playlist.m3u
Channels processed: 16
Playlist changed: YES
------------------------------------------------------------
[2026-05-07 01:45:19] GitHub Actions run
Playlist path: playlist.m3u
Channels processed: 16
Playlist changed: NO
------------------------------------------------------------
[2026-05-07 08:10:17] GitHub Actions run
Playlist path: playlist.m3u
Channels processed: 16
Playlist changed: NO
------------------------------------------------------------
[2026-05-07 13:23:52] GitHub Actions run
Playlist path: playlist.m3u
Channels processed: 16
Playlist changed: YES
------------------------------------------------------------
[2026-05-07 19:22:34] GitHub Actions run
Playlist path: playlist.m3u
Channels processed: 16
Playlist changed: YES
------------------------------------------------------------
[2026-05-08 01:49:01] GitHub Actions run
Playlist path: playlist.m3u
Channels processed: 16
Playlist changed: NO
------------------------------------------------------------
[2026-05-08 07:12:48] GitHub Actions run
Playlist path: playlist.m3u
Channels processed: 16
Playlist changed: NO
------------------------------------------------------------
[2026-05-08 13:04:08] GitHub Actions run
Playlist path: playlist.m3u
Channels processed: 16
Playlist changed: YES
------------------------------------------------------------
[2026-05-08 19:01:11] GitHub Actions run
Playlist path: playlist.m3u
Channels processed: 16
Playlist changed: NO
------------------------------------------------------------
[2026-05-09 01:44:30] GitHub Actions run
Playlist path: playlist.m3u
Channels processed: 16
Playlist changed: YES
------------------------------------------------------------
[2026-05-09 07:29:17] GitHub Actions run
Playlist path: playlist.m3u
Channels processed: 16
Playlist changed: YES
------------------------------------------------------------
[2026-05-09 12:47:16] GitHub Actions run
Playlist path: playlist.m3u
Channels processed: 16
Playlist changed: NO
------------------------------------------------------------
[2026-05-09 18:41:06] GitHub Actions run
Playlist path: playlist.m3u
Channels processed: 16
Playlist changed: NO
------------------------------------------------------------
[2026-05-10 01:45:13] GitHub Actions run
Playlist path: playlist.m3u
Channels processed: 16
Playlist changed: YES
------------------------------------------------------------
[2026-05-10 07:52:44] GitHub Actions run
Playlist path: playlist.m3u
Channels processed: 16
Playlist changed: YES
------------------------------------------------------------
[2026-05-10 12:48:20] GitHub Actions run
Playlist path: playlist.m3u
Channels processed: 16
Playlist changed: NO
------------------------------------------------------------
[2026-05-10 18:42:30] GitHub Actions run
Playlist path: playlist.m3u
Channels processed: 16
Playlist changed: NO
------------------------------------------------------------
[2026-05-11 01:52:24] GitHub Actions run
Playlist path: playlist.m3u
Channels processed: 16
Playlist changed: YES
------------------------------------------------------------
[2026-05-11 08:53:37] GitHub Actions run
Playlist path: playlist.m3u
Channels processed: 16
Playlist changed: YES
------------------------------------------------------------
[2026-05-11 14:18:02] GitHub Actions run
Playlist path: playlist.m3u
Channels processed: 16
Playlist changed: NO
------------------------------------------------------------
[2026-05-11 19:24:07] GitHub Actions run
Playlist path: playlist.m3u
Channels processed: 16
Playlist changed: YES
------------------------------------------------------------
[2026-05-12 01:47:57] GitHub Actions run
Playlist path: playlist.m3u
Channels processed: 16
Playlist changed: NO
------------------------------------------------------------
[2026-05-12 08:19:14] GitHub Actions run
Playlist path: playlist.m3u
Channels processed: 16
Playlist changed: YES
------------------------------------------------------------
[2026-05-12 13:47:31] GitHub Actions run
Playlist path: playlist.m3u
Channels processed: 16
Playlist changed: NO
------------------------------------------------------------
[2026-05-12 19:25:31] GitHub Actions run
Playlist path: playlist.m3u
Channels processed: 16
Playlist changed: YES
------------------------------------------------------------
[2026-05-13 01:53:00] GitHub Actions run
Playlist path: playlist.m3u
Channels processed: 16
Playlist changed: NO
------------------------------------------------------------
[2026-05-13 08:29:59] GitHub Actions run
Playlist path: playlist.m3u
Channels processed: 16
Playlist changed: YES
------------------------------------------------------------
[2026-05-13 14:00:13] GitHub Actions run
Playlist path: playlist.m3u
Channels processed: 16
Playlist changed: NO
------------------------------------------------------------
[2026-05-13 19:27:37] GitHub Actions run
Playlist path: playlist.m3u
Channels processed: 16
Playlist changed: YES
------------------------------------------------------------
[2026-05-14 01:55:44] GitHub Actions run
Playlist path: playlist.m3u
Channels processed: 16
Playlist changed: NO
------------------------------------------------------------
[2026-05-14 08:23:49] GitHub Actions run
Playlist path: playlist.m3u
Channels processed: 16
Playlist changed: YES
------------------------------------------------------------
[2026-05-14 13:23:56] GitHub Actions run
Playlist path: playlist.m3u
Channels processed: 16
Playlist changed: NO
------------------------------------------------------------
[2026-05-14 19:25:25] GitHub Actions run
Playlist path: playlist.m3u
Channels processed: 16
Playlist changed: YES
------------------------------------------------------------
[2026-05-15 01:53:39] GitHub Actions run
Playlist path: playlist.m3u
Channels processed: 16
Playlist changed: NO
------------------------------------------------------------
[2026-05-15 08:35:19] GitHub Actions run
Playlist path: playlist.m3u
Channels processed: 16
Playlist changed: YES
------------------------------------------------------------
[2026-05-15 13:23:08] GitHub Actions run
Playlist path: playlist.m3u
Channels processed: 16
Playlist changed: NO
------------------------------------------------------------
[2026-05-15 19:12:45] GitHub Actions run
Playlist path: playlist.m3u
Channels processed: 16
Playlist changed: YES
------------------------------------------------------------
[2026-05-16 01:46:47] GitHub Actions run
Playlist path: playlist.m3u
Channels processed: 16
Playlist changed: NO
------------------------------------------------------------
[2026-05-16 07:45:24] GitHub Actions run
Playlist path: playlist.m3u
Channels processed: 16
Playlist changed: YES
------------------------------------------------------------
[2026-05-16 12:52:52] GitHub Actions run
Playlist path: playlist.m3u
Channels processed: 16
Playlist changed: NO
------------------------------------------------------------
[2026-05-16 18:45:02] GitHub Actions run
Playlist path: playlist.m3u
Channels processed: 16
Playlist changed: NO
------------------------------------------------------------
[2026-05-17 01:50:48] GitHub Actions run
Playlist path: playlist.m3u
Channels processed: 16
Playlist changed: YES
------------------------------------------------------------
[2026-05-17 08:06:11] GitHub Actions run
Playlist path: playlist.m3u
Channels processed: 16
Playlist changed: YES
------------------------------------------------------------
[2026-05-17 12:50:24] GitHub Actions run
Playlist path: playlist.m3u
Channels processed: 16
Playlist changed: NO
------------------------------------------------------------
[2026-05-17 18:10:28] GitHub Actions run
Playlist path: playlist.m3u
Channels processed: 16
Playlist changed: YES
------------------------------------------------------------
[2026-05-17 18:13:09] GitHub Actions run
Playlist path: playlist.m3u
Channels processed: 16
Playlist changed: YES
------------------------------------------------------------
[2026-05-17 18:18:25] GitHub Actions run
Playlist path: playlist.m3u
Channels processed: 16
Playlist changed: YES
------------------------------------------------------------
[2026-05-17 18:49:36] GitHub Actions run
Playlist path: playlist.m3u
Channels processed: 16
Playlist changed: NO
------------------------------------------------------------
[2026-05-18 01:59:46] GitHub Actions run
Playlist path: playlist.m3u
Channels processed: 16
Playlist changed: YES
------------------------------------------------------------
[2026-05-18 07:55:42] GitHub Actions run
Playlist path: playlist.m3u
Channels processed: 16
Playlist changed: YES
------------------------------------------------------------
[2026-05-18 09:35:07] GitHub Actions run
Playlist path: playlist.m3u
Channels processed: 16
Playlist changed: NO
------------------------------------------------------------
[2026-05-18 14:49:35] GitHub Actions run
Playlist path: playlist.m3u
Channels processed: 16
Playlist changed: NO
------------------------------------------------------------
[2026-05-18 19:20:29] GitHub Actions run
Playlist path: playlist.m3u
Channels processed: 16
Playlist changed: YES
------------------------------------------------------------
[2026-05-19 01:59:52] GitHub Actions run
Playlist path: playlist.m3u
Channels processed: 16
Playlist changed: NO
------------------------------------------------------------
[2026-05-19 08:54:19] GitHub Actions run
Playlist path: playlist.m3u
Channels processed: 16
Playlist changed: YES
------------------------------------------------------------
[2026-05-19 14:29:01] GitHub Actions run
Playlist path: playlist.m3u
Channels processed: 16
Playlist changed: NO
------------------------------------------------------------
[2026-05-19 19:40:46] GitHub Actions run
Playlist path: playlist.m3u
Channels processed: 16
Playlist changed: YES
------------------------------------------------------------
[2026-05-20 01:59:32] GitHub Actions run
Playlist path: playlist.m3u
Channels processed: 16
Playlist changed: NO
------------------------------------------------------------
[2026-05-20 08:49:28] GitHub Actions run
Playlist path: playlist.m3u
Channels processed: 16
Playlist changed: YES
------------------------------------------------------------
[2026-05-20 14:28:40] GitHub Actions run
Playlist path: playlist.m3u
Channels processed: 16
Playlist changed: NO
------------------------------------------------------------
[2026-05-20 19:59:15] GitHub Actions run
Playlist path: playlist.m3u
Channels processed: 16
Playlist changed: YES
------------------------------------------------------------
[2026-05-21 01:59:00] GitHub Actions run
Playlist path: playlist.m3u
Channels processed: 16
Playlist changed: NO
------------------------------------------------------------
[2026-05-21 08:51:55] GitHub Actions run
Playlist path: playlist.m3u
Channels processed: 16
Playlist changed: YES
------------------------------------------------------------
[2026-05-21 14:33:39] GitHub Actions run
Playlist path: playlist.m3u
Channels processed: 16
Playlist changed: NO
------------------------------------------------------------
[2026-05-21 19:40:26] GitHub Actions run
Playlist path: playlist.m3u
Channels processed: 16
Playlist changed: YES
------------------------------------------------------------
[2026-05-22 02:00:14] GitHub Actions run
Playlist path: playlist.m3u
Channels processed: 16
Playlist changed: YES
------------------------------------------------------------
[2026-05-22 08:45:29] GitHub Actions run
Playlist path: playlist.m3u
Channels processed: 16
Playlist changed: YES
------------------------------------------------------------
[2026-05-22 14:10:02] GitHub Actions run
Playlist path: playlist.m3u
Channels processed: 16
Playlist changed: NO
------------------------------------------------------------
[2026-05-22 19:19:38] GitHub Actions run
Playlist path: playlist.m3u
Channels processed: 16
Playlist changed: YES
------------------------------------------------------------
[2026-05-23 01:50:56] GitHub Actions run
Playlist path: playlist.m3u
Channels processed: 16
Playlist changed: NO
------------------------------------------------------------
[2026-05-23 08:02:44] GitHub Actions run
Playlist path: playlist.m3u
Channels processed: 16
Playlist changed: NO
------------------------------------------------------------
[2026-05-23 18:51:10] GitHub Actions run
Playlist path: playlist.m3u
Channels processed: 16
Playlist changed: YES
------------------------------------------------------------
[2026-05-24 01:57:22] GitHub Actions run
Playlist path: playlist.m3u
Channels processed: 16
Playlist changed: YES
------------------------------------------------------------
[2026-05-24 08:13:08] GitHub Actions run
Playlist path: playlist.m3u
Channels processed: 16
Playlist changed: YES
------------------------------------------------------------
[2026-05-24 12:54:43] GitHub Actions run
Playlist path: playlist.m3u
Channels processed: 16
Playlist changed: NO
------------------------------------------------------------
